Flow report for DE0_Basic_Computer
Fri Apr 13 22:05:23 2018
Quartus II 64-Bit Version 13.1.0 Build 162 10/23/2013 SJ Web Edition


---------------------
; Table of Contents ;
---------------------
  1. Legal Notice
  2. Flow Summary
  3. Flow Settings
  4. Flow Non-Default Global Settings
  5. Flow Elapsed Time
  6. Flow OS Summary
  7. Flow Log
  8. Flow Messages
  9. Flow Suppressed Messages



----------------
; Legal Notice ;
----------------
Copyright (C) 1991-2013 Altera Corporation
Your use of Altera Corporation's design tools, logic functions 
and other software and tools, and its AMPP partner logic 
functions, and any output files from any of the foregoing 
(including device programming or simulation files), and any 
associated documentation or information are expressly subject 
to the terms and conditions of the Altera Program License 
Subscription Agreement, Altera MegaCore Function License 
Agreement, or other applicable license agreement, including, 
without limitation, that your use is for the sole purpose of 
programming logic devices manufactured by Altera and sold by 
Altera or its authorized distributors.  Please refer to the 
applicable agreement for further details.



+---------------------------------------------------------------------------------+
; Flow Summary                                                                    ;
+------------------------------------+--------------------------------------------+
; Flow Status                        ; Successful - Fri Apr 13 22:05:18 2018      ;
; Quartus II 64-Bit Version          ; 13.1.0 Build 162 10/23/2013 SJ Web Edition ;
; Revision Name                      ; DE0_Basic_Computer                         ;
; Top-level Entity Name              ; DE0_Basic_Computer                         ;
; Family                             ; Cyclone III                                ;
; Device                             ; EP3C16F484C6                               ;
; Timing Models                      ; Final                                      ;
; Total logic elements               ; 3,639 / 15,408 ( 24 % )                    ;
;     Total combinational functions  ; 3,197 / 15,408 ( 21 % )                    ;
;     Dedicated logic registers      ; 2,296 / 15,408 ( 15 % )                    ;
; Total registers                    ; 2547                                       ;
; Total pins                         ; 160 / 347 ( 46 % )                         ;
; Total virtual pins                 ; 0                                          ;
; Total memory bits                  ; 144,384 / 516,096 ( 28 % )                 ;
; Embedded Multiplier 9-bit elements ; 0 / 112 ( 0 % )                            ;
; Total PLLs                         ; 1 / 4 ( 25 % )                             ;
+------------------------------------+--------------------------------------------+


+-----------------------------------------+
; Flow Settings                           ;
+-------------------+---------------------+
; Option            ; Setting             ;
+-------------------+---------------------+
; Start date & time ; 04/13/2018 22:04:34 ;
; Main task         ; Compilation         ;
; Revision Name     ; DE0_Basic_Computer  ;
+-------------------+---------------------+


+-------------------------------------------------------------------------------------------------------------------------------------------------------------------------------------------------------+
; Flow Non-Default Global Settings                                                                                                                                                                      ;
+-------------------------------------+---------------------------------------------------------------------------------+---------------+--------------------------------------------------+------------+
; Assignment Name                     ; Value                                                                           ; Default Value ; Entity Name                                      ; Section Id ;
+-------------------------------------+---------------------------------------------------------------------------------+---------------+--------------------------------------------------+------------+
; COMPILER_SIGNATURE_ID               ; 93383151142489.152367147406972                                                  ; --            ; --                                               ; --         ;
; ENABLE_ADVANCED_IO_TIMING           ; On                                                                              ; --            ; --                                               ; --         ;
; IP_TOOL_ENV                         ; Qsys                                                                            ; --            ; altera_avalon_sc_fifo                            ; --         ;
; IP_TOOL_ENV                         ; Qsys                                                                            ; --            ; altera_merlin_burst_adapter                      ; --         ;
; IP_TOOL_ENV                         ; Qsys                                                                            ; --            ; altera_merlin_master_agent                       ; --         ;
; IP_TOOL_ENV                         ; Qsys                                                                            ; --            ; altera_merlin_master_translator                  ; --         ;
; IP_TOOL_ENV                         ; Qsys                                                                            ; --            ; altera_merlin_slave_agent                        ; --         ;
; IP_TOOL_ENV                         ; Qsys                                                                            ; --            ; altera_merlin_slave_translator                   ; --         ;
; IP_TOOL_ENV                         ; Qsys                                                                            ; --            ; altera_merlin_width_adapter                      ; --         ;
; IP_TOOL_ENV                         ; Qsys                                                                            ; --            ; altera_reset_controller                          ; --         ;
; IP_TOOL_ENV                         ; Qsys                                                                            ; --            ; nios_system                                      ; --         ;
; IP_TOOL_ENV                         ; Qsys                                                                            ; --            ; nios_system_Interval_timer                       ; --         ;
; IP_TOOL_ENV                         ; Qsys                                                                            ; --            ; nios_system_JTAG_UART                            ; --         ;
; IP_TOOL_ENV                         ; Qsys                                                                            ; --            ; nios_system_Onchip_memory                        ; --         ;
; IP_TOOL_ENV                         ; Qsys                                                                            ; --            ; nios_system_Onchip_memory_SRAM                   ; --         ;
; IP_TOOL_ENV                         ; Qsys                                                                            ; --            ; nios_system_cpu                                  ; --         ;
; IP_TOOL_ENV                         ; Qsys                                                                            ; --            ; nios_system_irq_mapper                           ; --         ;
; IP_TOOL_ENV                         ; Qsys                                                                            ; --            ; nios_system_mm_interconnect_0                    ; --         ;
; IP_TOOL_ENV                         ; Qsys                                                                            ; --            ; nios_system_mm_interconnect_0_addr_router        ; --         ;
; IP_TOOL_ENV                         ; Qsys                                                                            ; --            ; nios_system_mm_interconnect_0_addr_router_001    ; --         ;
; IP_TOOL_ENV                         ; Qsys                                                                            ; --            ; nios_system_mm_interconnect_0_cmd_xbar_demux     ; --         ;
; IP_TOOL_ENV                         ; Qsys                                                                            ; --            ; nios_system_mm_interconnect_0_cmd_xbar_demux_001 ; --         ;
; IP_TOOL_ENV                         ; Qsys                                                                            ; --            ; nios_system_mm_interconnect_0_cmd_xbar_mux       ; --         ;
; IP_TOOL_ENV                         ; Qsys                                                                            ; --            ; nios_system_mm_interconnect_0_cmd_xbar_mux_001   ; --         ;
; IP_TOOL_ENV                         ; Qsys                                                                            ; --            ; nios_system_mm_interconnect_0_id_router          ; --         ;
; IP_TOOL_ENV                         ; Qsys                                                                            ; --            ; nios_system_mm_interconnect_0_id_router_001      ; --         ;
; IP_TOOL_ENV                         ; Qsys                                                                            ; --            ; nios_system_mm_interconnect_0_id_router_002      ; --         ;
; IP_TOOL_ENV                         ; Qsys                                                                            ; --            ; nios_system_mm_interconnect_0_id_router_004      ; --         ;
; IP_TOOL_ENV                         ; Qsys                                                                            ; --            ; nios_system_mm_interconnect_0_rsp_xbar_demux     ; --         ;
; IP_TOOL_ENV                         ; Qsys                                                                            ; --            ; nios_system_mm_interconnect_0_rsp_xbar_demux_001 ; --         ;
; IP_TOOL_ENV                         ; Qsys                                                                            ; --            ; nios_system_mm_interconnect_0_rsp_xbar_mux       ; --         ;
; IP_TOOL_ENV                         ; Qsys                                                                            ; --            ; nios_system_mm_interconnect_0_rsp_xbar_mux_001   ; --         ;
; IP_TOOL_ENV                         ; Qsys                                                                            ; --            ; nios_system_sdram                                ; --         ;
; IP_TOOL_ENV                         ; Qsys                                                                            ; --            ; nios_system_sysid                                ; --         ;
; IP_TOOL_NAME                        ; ALTPLL                                                                          ; --            ; --                                               ; --         ;
; IP_TOOL_NAME                        ; altera_avalon_sc_fifo                                                           ; --            ; altera_avalon_sc_fifo                            ; --         ;
; IP_TOOL_NAME                        ; altera_merlin_burst_adapter                                                     ; --            ; altera_merlin_burst_adapter                      ; --         ;
; IP_TOOL_NAME                        ; altera_merlin_master_agent                                                      ; --            ; altera_merlin_master_agent                       ; --         ;
; IP_TOOL_NAME                        ; altera_merlin_master_translator                                                 ; --            ; altera_merlin_master_translator                  ; --         ;
; IP_TOOL_NAME                        ; altera_merlin_slave_agent                                                       ; --            ; altera_merlin_slave_agent                        ; --         ;
; IP_TOOL_NAME                        ; altera_merlin_slave_translator                                                  ; --            ; altera_merlin_slave_translator                   ; --         ;
; IP_TOOL_NAME                        ; altera_merlin_width_adapter                                                     ; --            ; altera_merlin_width_adapter                      ; --         ;
; IP_TOOL_NAME                        ; altera_reset_controller                                                         ; --            ; altera_reset_controller                          ; --         ;
; IP_TOOL_NAME                        ; Qsys                                                                            ; --            ; nios_system                                      ; --         ;
; IP_TOOL_NAME                        ; altera_avalon_timer                                                             ; --            ; nios_system_Interval_timer                       ; --         ;
; IP_TOOL_NAME                        ; altera_avalon_jtag_uart                                                         ; --            ; nios_system_JTAG_UART                            ; --         ;
; IP_TOOL_NAME                        ; altera_avalon_onchip_memory2                                                    ; --            ; nios_system_Onchip_memory                        ; --         ;
; IP_TOOL_NAME                        ; altera_avalon_onchip_memory2                                                    ; --            ; nios_system_Onchip_memory_SRAM                   ; --         ;
; IP_TOOL_NAME                        ; altera_nios2_qsys                                                               ; --            ; nios_system_cpu                                  ; --         ;
; IP_TOOL_NAME                        ; altera_irq_mapper                                                               ; --            ; nios_system_irq_mapper                           ; --         ;
; IP_TOOL_NAME                        ; altera_merlin_interconnect_wrapper                                              ; --            ; nios_system_mm_interconnect_0                    ; --         ;
; IP_TOOL_NAME                        ; altera_merlin_router                                                            ; --            ; nios_system_mm_interconnect_0_addr_router        ; --         ;
; IP_TOOL_NAME                        ; altera_merlin_router                                                            ; --            ; nios_system_mm_interconnect_0_addr_router_001    ; --         ;
; IP_TOOL_NAME                        ; altera_merlin_demultiplexer                                                     ; --            ; nios_system_mm_interconnect_0_cmd_xbar_demux     ; --         ;
; IP_TOOL_NAME                        ; altera_merlin_demultiplexer                                                     ; --            ; nios_system_mm_interconnect_0_cmd_xbar_demux_001 ; --         ;
; IP_TOOL_NAME                        ; altera_merlin_multiplexer                                                       ; --            ; nios_system_mm_interconnect_0_cmd_xbar_mux       ; --         ;
; IP_TOOL_NAME                        ; altera_merlin_multiplexer                                                       ; --            ; nios_system_mm_interconnect_0_cmd_xbar_mux_001   ; --         ;
; IP_TOOL_NAME                        ; altera_merlin_router                                                            ; --            ; nios_system_mm_interconnect_0_id_router          ; --         ;
; IP_TOOL_NAME                        ; altera_merlin_router                                                            ; --            ; nios_system_mm_interconnect_0_id_router_001      ; --         ;
; IP_TOOL_NAME                        ; altera_merlin_router                                                            ; --            ; nios_system_mm_interconnect_0_id_router_002      ; --         ;
; IP_TOOL_NAME                        ; altera_merlin_router                                                            ; --            ; nios_system_mm_interconnect_0_id_router_004      ; --         ;
; IP_TOOL_NAME                        ; altera_merlin_demultiplexer                                                     ; --            ; nios_system_mm_interconnect_0_rsp_xbar_demux     ; --         ;
; IP_TOOL_NAME                        ; altera_merlin_demultiplexer                                                     ; --            ; nios_system_mm_interconnect_0_rsp_xbar_demux_001 ; --         ;
; IP_TOOL_NAME                        ; altera_merlin_multiplexer                                                       ; --            ; nios_system_mm_interconnect_0_rsp_xbar_mux       ; --         ;
; IP_TOOL_NAME                        ; altera_merlin_multiplexer                                                       ; --            ; nios_system_mm_interconnect_0_rsp_xbar_mux_001   ; --         ;
; IP_TOOL_NAME                        ; altera_avalon_new_sdram_controller                                              ; --            ; nios_system_sdram                                ; --         ;
; IP_TOOL_NAME                        ; altera_avalon_sysid_qsys                                                        ; --            ; nios_system_sysid                                ; --         ;
; IP_TOOL_VERSION                     ; 9.1                                                                             ; --            ; --                                               ; --         ;
; IP_TOOL_VERSION                     ; 13.1                                                                            ; --            ; altera_avalon_sc_fifo                            ; --         ;
; IP_TOOL_VERSION                     ; 13.1                                                                            ; --            ; altera_merlin_burst_adapter                      ; --         ;
; IP_TOOL_VERSION                     ; 13.1                                                                            ; --            ; altera_merlin_master_agent                       ; --         ;
; IP_TOOL_VERSION                     ; 13.1                                                                            ; --            ; altera_merlin_master_translator                  ; --         ;
; IP_TOOL_VERSION                     ; 13.1                                                                            ; --            ; altera_merlin_slave_agent                        ; --         ;
; IP_TOOL_VERSION                     ; 13.1                                                                            ; --            ; altera_merlin_slave_translator                   ; --         ;
; IP_TOOL_VERSION                     ; 13.1                                                                            ; --            ; altera_merlin_width_adapter                      ; --         ;
; IP_TOOL_VERSION                     ; 13.1                                                                            ; --            ; altera_reset_controller                          ; --         ;
; IP_TOOL_VERSION                     ; 13.1                                                                            ; --            ; nios_system                                      ; --         ;
; IP_TOOL_VERSION                     ; 13.1                                                                            ; --            ; nios_system_Interval_timer                       ; --         ;
; IP_TOOL_VERSION                     ; 13.1                                                                            ; --            ; nios_system_JTAG_UART                            ; --         ;
; IP_TOOL_VERSION                     ; 13.1                                                                            ; --            ; nios_system_Onchip_memory                        ; --         ;
; IP_TOOL_VERSION                     ; 13.1                                                                            ; --            ; nios_system_Onchip_memory_SRAM                   ; --         ;
; IP_TOOL_VERSION                     ; 13.1                                                                            ; --            ; nios_system_cpu                                  ; --         ;
; IP_TOOL_VERSION                     ; 13.1                                                                            ; --            ; nios_system_irq_mapper                           ; --         ;
; IP_TOOL_VERSION                     ; 13.1                                                                            ; --            ; nios_system_mm_interconnect_0                    ; --         ;
; IP_TOOL_VERSION                     ; 13.1                                                                            ; --            ; nios_system_mm_interconnect_0_addr_router        ; --         ;
; IP_TOOL_VERSION                     ; 13.1                                                                            ; --            ; nios_system_mm_interconnect_0_addr_router_001    ; --         ;
; IP_TOOL_VERSION                     ; 13.1                                                                            ; --            ; nios_system_mm_interconnect_0_cmd_xbar_demux     ; --         ;
; IP_TOOL_VERSION                     ; 13.1                                                                            ; --            ; nios_system_mm_interconnect_0_cmd_xbar_demux_001 ; --         ;
; IP_TOOL_VERSION                     ; 13.1                                                                            ; --            ; nios_system_mm_interconnect_0_cmd_xbar_mux       ; --         ;
; IP_TOOL_VERSION                     ; 13.1                                                                            ; --            ; nios_system_mm_interconnect_0_cmd_xbar_mux_001   ; --         ;
; IP_TOOL_VERSION                     ; 13.1                                                                            ; --            ; nios_system_mm_interconnect_0_id_router          ; --         ;
; IP_TOOL_VERSION                     ; 13.1                                                                            ; --            ; nios_system_mm_interconnect_0_id_router_001      ; --         ;
; IP_TOOL_VERSION                     ; 13.1                                                                            ; --            ; nios_system_mm_interconnect_0_id_router_002      ; --         ;
; IP_TOOL_VERSION                     ; 13.1                                                                            ; --            ; nios_system_mm_interconnect_0_id_router_004      ; --         ;
; IP_TOOL_VERSION                     ; 13.1                                                                            ; --            ; nios_system_mm_interconnect_0_rsp_xbar_demux     ; --         ;
; IP_TOOL_VERSION                     ; 13.1                                                                            ; --            ; nios_system_mm_interconnect_0_rsp_xbar_demux_001 ; --         ;
; IP_TOOL_VERSION                     ; 13.1                                                                            ; --            ; nios_system_mm_interconnect_0_rsp_xbar_mux       ; --         ;
; IP_TOOL_VERSION                     ; 13.1                                                                            ; --            ; nios_system_mm_interconnect_0_rsp_xbar_mux_001   ; --         ;
; IP_TOOL_VERSION                     ; 13.1                                                                            ; --            ; nios_system_sdram                                ; --         ;
; IP_TOOL_VERSION                     ; 13.1                                                                            ; --            ; nios_system_sysid                                ; --         ;
; MAX_CORE_JUNCTION_TEMP              ; 85                                                                              ; --            ; --                                               ; --         ;
; MIN_CORE_JUNCTION_TEMP              ; 0                                                                               ; --            ; --                                               ; --         ;
; MISC_FILE                           ; sdram_pll_inst.v                                                                ; --            ; --                                               ; --         ;
; MISC_FILE                           ; sdram_pll_bb.v                                                                  ; --            ; --                                               ; --         ;
; MISC_FILE                           ; sdram_pll.inc                                                                   ; --            ; --                                               ; --         ;
; MISC_FILE                           ; sdram_pll.cmp                                                                   ; --            ; --                                               ; --         ;
; MISC_FILE                           ; sdram_pll.ppf                                                                   ; --            ; --                                               ; --         ;
; MISC_FILE                           ; nios_system/synthesis/../DE0_Basic_Computer_Custom/verilog/nios_system.cmp      ; --            ; --                                               ; --         ;
; MISC_FILE                           ; nios_system/synthesis/../DE0_Basic_Computer_Custom/verilog/nios_system.qsys     ; --            ; --                                               ; --         ;
; NOMINAL_CORE_SUPPLY_VOLTAGE         ; 1.2V                                                                            ; --            ; --                                               ; --         ;
; PARTITION_COLOR                     ; 14622752                                                                        ; --            ; --                                               ; Top        ;
; PARTITION_FITTER_PRESERVATION_LEVEL ; PLACEMENT_AND_ROUTING                                                           ; --            ; --                                               ; Top        ;
; PARTITION_NETLIST_TYPE              ; SOURCE                                                                          ; --            ; --                                               ; Top        ;
; POWER_BOARD_THERMAL_MODEL           ; None (CONSERVATIVE)                                                             ; --            ; --                                               ; --         ;
; POWER_PRESET_COOLING_SOLUTION       ; 23 MM HEAT SINK WITH 200 LFPM AIRFLOW                                           ; --            ; --                                               ; --         ;
; SLD_FILE                            ; nios_system/synthesis/nios_system.regmap                                        ; --            ; --                                               ; --         ;
; SLD_FILE                            ; nios_system/synthesis/nios_system.debuginfo                                     ; --            ; --                                               ; --         ;
; SLD_INFO                            ; QSYS_NAME nios_system HAS_SOPCINFO 1 GENERATION_ID 1523669924                   ; --            ; nios_system                                      ; --         ;
; SOPCINFO_FILE                       ; nios_system/synthesis/../DE0_Basic_Computer_Custom/verilog/nios_system.sopcinfo ; --            ; --                                               ; --         ;
; SYNTHESIS_ONLY_QIP                  ; On                                                                              ; --            ; --                                               ; --         ;
; USE_GENERATED_PHYSICAL_CONSTRAINTS  ; Off                                                                             ; --            ; --                                               ; eda_palace ;
+-------------------------------------+---------------------------------------------------------------------------------+---------------+--------------------------------------------------+------------+


+-------------------------------------------------------------------------------------------------------------------------------+
; Flow Elapsed Time                                                                                                             ;
+---------------------------+--------------+-------------------------+---------------------+------------------------------------+
; Module Name               ; Elapsed Time ; Average Processors Used ; Peak Virtual Memory ; Total CPU Time (on all processors) ;
+---------------------------+--------------+-------------------------+---------------------+------------------------------------+
; Analysis & Synthesis      ; 00:00:17     ; 1.0                     ; 737 MB              ; 00:00:17                           ;
; Fitter                    ; 00:00:20     ; 1.0                     ; 988 MB              ; 00:00:20                           ;
; Assembler                 ; 00:00:02     ; 1.0                     ; 522 MB              ; 00:00:02                           ;
; TimeQuest Timing Analyzer ; 00:00:04     ; 1.0                     ; 608 MB              ; 00:00:04                           ;
; Total                     ; 00:00:43     ; --                      ; --                  ; 00:00:43                           ;
+---------------------------+--------------+-------------------------+---------------------+------------------------------------+


+----------------------------------------------------------------------------------------+
; Flow OS Summary                                                                        ;
+---------------------------+------------------+-----------+------------+----------------+
; Module Name               ; Machine Hostname ; OS Name   ; OS Version ; Processor type ;
+---------------------------+------------------+-----------+------------+----------------+
; Analysis & Synthesis      ; WITR90GMER4      ; Windows 7 ; 6.2        ; x86_64         ;
; Fitter                    ; WITR90GMER4      ; Windows 7 ; 6.2        ; x86_64         ;
; Assembler                 ; WITR90GMER4      ; Windows 7 ; 6.2        ; x86_64         ;
; TimeQuest Timing Analyzer ; WITR90GMER4      ; Windows 7 ; 6.2        ; x86_64         ;
+---------------------------+------------------+-----------+------------+----------------+


------------
; Flow Log ;
------------
quartus_map --read_settings_files=on --write_settings_files=off DE0_Basic_Computer -c DE0_Basic_Computer
quartus_fit --read_settings_files=off --write_settings_files=off DE0_Basic_Computer -c DE0_Basic_Computer
quartus_asm --read_settings_files=off --write_settings_files=off DE0_Basic_Computer -c DE0_Basic_Computer
quartus_sta DE0_Basic_Computer -c DE0_Basic_Computer



